This file contains any messages produced by compilers while
running configure, to aid debugging if configure makes a mistake.

It was created by sgte configure 0.7, which was
generated by GNU Autoconf 2.68.  Invocation command line was

  $ ./configure 

## --------- ##
## Platform. ##
## --------- ##

hostname = clarkh
uname -m = i686
uname -r = 3.5.0-41-generic
uname -s = Linux
uname -v = #64~precise1-Ubuntu SMP Thu Sep 12 17:01:55 UTC 2013

/usr/bin/uname -p = unknown
/bin/uname -X     = unknown

/bin/arch              = unknown
/usr/bin/arch -k       = unknown
/usr/convex/getsysinfo = unknown
/usr/bin/hostinfo      = unknown
/bin/machine           = unknown
/usr/bin/oslevel       = unknown
/bin/universe          = unknown

PATH: /home/clarkh/bin
PATH: /usr/lib/lightdm/lightdm
PATH: /usr/local/sbin
PATH: /usr/local/bin
PATH: /usr/sbin
PATH: /usr/bin
PATH: /sbin
PATH: /bin
PATH: /usr/games
PATH: /home/clarkh/.gem/ruby/1.8/bin


## ----------- ##
## Core tests. ##
## ----------- ##

configure:1827: checking for erl
configure:1845: found /usr/bin/erl
configure:1857: result: /usr/bin/erl
configure:1936: checking for erlc
configure:1954: found /usr/bin/erlc
configure:1966: result: /usr/bin/erlc
configure:1996: checking for Erlang/OTP root directory
configure:2022: $ERLC $ERLCFLAGS -b beam conftest.$ac_ext >&5 && echo "#!/bin/sh" > conftest$ac_exeext && $as_echo "\"$ERL\" -run conftest start -run init stop -noshell" >> conftest$ac_exeext && chmod +x conftest$ac_exeext
configure:2022: $? = 0
configure:2022: ./conftest
configure:2022: $? = 0
configure:2043: result: /opt/erlang-R15B/lib/erlang
configure:2098: checking for gcc
configure:2114: found /usr/bin/gcc
configure:2125: result: gcc
configure:2354: checking for C compiler version
configure:2363: gcc --version >&5
gcc (Ubuntu/Linaro 4.6.3-1ubuntu5) 4.6.3
Copyright (C) 2011 Free Software Foundation, Inc.
This is free software; see the source for copying conditions.  There is NO
warranty; not even for MERCHANTABILITY or FITNESS FOR A PARTICULAR PURPOSE.

configure:2374: $? = 0
configure:2363: gcc -v >&5
Using built-in specs.
COLLECT_GCC=gcc
COLLECT_LTO_WRAPPER=/usr/lib/gcc/i686-linux-gnu/4.6/lto-wrapper
Target: i686-linux-gnu
Configured with: ../src/configure -v --with-pkgversion='Ubuntu/Linaro 4.6.3-1ubuntu5' --with-bugurl=file:///usr/share/doc/gcc-4.6/README.Bugs --enable-languages=c,c++,fortran,objc,obj-c++ --prefix=/usr --program-suffix=-4.6 --enable-shared --enable-linker-build-id --with-system-zlib --libexecdir=/usr/lib --without-included-gettext --enable-threads=posix --with-gxx-include-dir=/usr/include/c++/4.6 --libdir=/usr/lib --enable-nls --with-sysroot=/ --enable-clocale=gnu --enable-libstdcxx-debug --enable-libstdcxx-time=yes --enable-gnu-unique-object --enable-plugin --enable-objc-gc --enable-targets=all --disable-werror --with-arch-32=i686 --with-tune=generic --enable-checking=release --build=i686-linux-gnu --host=i686-linux-gnu --target=i686-linux-gnu
Thread model: posix
gcc version 4.6.3 (Ubuntu/Linaro 4.6.3-1ubuntu5) 
configure:2374: $? = 0
configure:2363: gcc -V >&5
gcc: error: unrecognized option '-V'
gcc: fatal error: no input files
compilation terminated.
configure:2374: $? = 4
configure:2363: gcc -qversion >&5
gcc: error: unrecognized option '-qversion'
gcc: fatal error: no input files
compilation terminated.
configure:2374: $? = 4
configure:2394: checking whether the C compiler works
configure:2416: gcc    conftest.c  >&5
configure:2420: $? = 0
configure:2468: result: yes
configure:2471: checking for C compiler default output file name
configure:2473: result: a.out
configure:2479: checking for suffix of executables
configure:2486: gcc -o conftest    conftest.c  >&5
configure:2490: $? = 0
configure:2512: result: 
configure:2534: checking whether we are cross compiling
configure:2542: gcc -o conftest    conftest.c  >&5
configure:2546: $? = 0
configure:2553: ./conftest
configure:2557: $? = 0
configure:2572: result: no
configure:2577: checking for suffix of object files
configure:2599: gcc -c   conftest.c >&5
configure:2603: $? = 0
configure:2624: result: o
configure:2628: checking whether we are using the GNU C compiler
configure:2647: gcc -c   conftest.c >&5
configure:2647: $? = 0
configure:2656: result: yes
configure:2665: checking whether gcc accepts -g
configure:2685: gcc -c -g  conftest.c >&5
configure:2685: $? = 0
configure:2726: result: yes
configure:2743: checking for gcc option to accept ISO C89
configure:2807: gcc  -c -g -O2  conftest.c >&5
configure:2807: $? = 0
configure:2820: result: none needed
configure:3033: creating ./config.status

## ---------------------- ##
## Running config.status. ##
## ---------------------- ##

This file was extended by sgte config.status 0.7, which was
generated by GNU Autoconf 2.68.  Invocation command line was

  CONFIG_FILES    = 
  CONFIG_HEADERS  = 
  CONFIG_LINKS    = 
  CONFIG_COMMANDS = 
  $ ./config.status 

on clarkh

config.status:743: creating include.mk
config.status:904: executing default commands

## ---------------- ##
## Cache variables. ##
## ---------------- ##

ac_cv_c_compiler_gnu=yes
ac_cv_env_CC_set=
ac_cv_env_CC_value=
ac_cv_env_CFLAGS_set=
ac_cv_env_CFLAGS_value=
ac_cv_env_CPPFLAGS_set=
ac_cv_env_CPPFLAGS_value=
ac_cv_env_ERLCFLAGS_set=
ac_cv_env_ERLCFLAGS_value=
ac_cv_env_ERLC_set=
ac_cv_env_ERLC_value=
ac_cv_env_ERL_set=
ac_cv_env_ERL_value=
ac_cv_env_LDFLAGS_set=
ac_cv_env_LDFLAGS_value=
ac_cv_env_LIBS_set=
ac_cv_env_LIBS_value=
ac_cv_env_build_alias_set=
ac_cv_env_build_alias_value=
ac_cv_env_host_alias_set=
ac_cv_env_host_alias_value=
ac_cv_env_target_alias_set=
ac_cv_env_target_alias_value=
ac_cv_erlang_root_dir=/opt/erlang-R15B/lib/erlang
ac_cv_objext=o
ac_cv_path_ac_pt_ERL=/usr/bin/erl
ac_cv_path_ac_pt_ERLC=/usr/bin/erlc
ac_cv_prog_ac_ct_CC=gcc
ac_cv_prog_cc_c89=
ac_cv_prog_cc_g=yes

## ----------------- ##
## Output variables. ##
## ----------------- ##

CC='gcc'
CFLAGS='-g -O2'
CPPFLAGS=''
DEFS='-DPACKAGE_NAME=\"sgte\" -DPACKAGE_TARNAME=\"sgte\" -DPACKAGE_VERSION=\"0.7\" -DPACKAGE_STRING=\"sgte\ 0.7\" -DPACKAGE_BUGREPORT=\"pacini@sgconsulting.it\" -DPACKAGE_URL=\"\"'
EBLOG_DIR='/home/clarkh/dev/prospero/subpub/deps/erlang/sgte-0.7.1'
ECHO_C=''
ECHO_N='-n'
ECHO_T=''
ERL='/usr/bin/erl'
ERLANG_ROOT_DIR='/opt/erlang-R15B/lib/erlang'
ERLC='/usr/bin/erlc'
ERLCFLAGS=''
EXEEXT=''
LDFLAGS=''
LD_SHARED='ld -shared'
LIBOBJS=''
LIBS=''
LTLIBOBJS=''
OBJEXT='o'
PACKAGE_BUGREPORT='pacini@sgconsulting.it'
PACKAGE_NAME='sgte'
PACKAGE_STRING='sgte 0.7'
PACKAGE_TARNAME='sgte'
PACKAGE_URL=''
PACKAGE_VERSION='0.7'
PATH_SEPARATOR=':'
SHELL='/bin/bash'
ac_ct_CC='gcc'
bindir='${exec_prefix}/bin'
build_alias=''
datadir='${datarootdir}'
datarootdir='${prefix}/share'
docdir='${datarootdir}/doc/${PACKAGE_TARNAME}'
dvidir='${docdir}'
exec_prefix='${prefix}'
host_alias=''
htmldir='${docdir}'
includedir='${prefix}/include'
infodir='${datarootdir}/info'
libdir='${exec_prefix}/lib'
libexecdir='${exec_prefix}/libexec'
localedir='${datarootdir}/locale'
localstatedir='${prefix}/var'
mandir='${datarootdir}/man'
oldincludedir='/usr/include'
pdfdir='${docdir}'
prefix='/usr/local'
program_transform_name='s,x,x,'
psdir='${docdir}'
sbindir='${exec_prefix}/sbin'
sharedstatedir='${prefix}/com'
sysconfdir='${prefix}/etc'
target_alias=''

## ----------- ##
## confdefs.h. ##
## ----------- ##

/* confdefs.h */
#define PACKAGE_NAME "sgte"
#define PACKAGE_TARNAME "sgte"
#define PACKAGE_VERSION "0.7"
#define PACKAGE_STRING "sgte 0.7"
#define PACKAGE_BUGREPORT "pacini@sgconsulting.it"
#define PACKAGE_URL ""

configure: exit 0
